# JRE version: Java(TM) SE Runtime Environment (21.0.4+8) (build 21.0.4+8-LTS-274)
# Java VM: Java HotSpot(TM) 64-Bit Server VM (21.0.4+8-LTS-274, mixed mode, sharing, tiered, compressed oops, compressed class ptrs, g1 gc, windows-amd64)
GC Precious Log:
 CardTable entry size: 512
 Card Set container configuration: InlinePtr #cards 5 size 8 Array Of Cards #cards 12 size 40 Howl #buckets 4 coarsen threshold 1843 Howl Bitmap #cards 512 size 80 coarsen threshold 460 Card regions per heap region 1 cards per card region 2048
 CPUs: 8 total, 8 available
 Memory: 3977M
 Large Page Support: Disabled
 NUMA Support: Disabled
 Compressed Oops: Enabled (32-bit)
 Heap Region Size: 1M
 Heap Min Capacity: 256M
 Heap Initial Capacity: 256M
 Heap Max Capacity: 512M
 Pre-touch: Disabled
 Parallel Workers: 8
 Concurrent Workers: 2
 Concurrent Refinement Workers: 8
 Periodic GC: Disabled
Heap:
 garbage-first heap   total 262144K, used 163114K [0x00000000e0000000, 0x0000000100000000)
  region size 1024K, 99 young (101376K), 14 survivors (14336K)
 Metaspace       used 78104K, committed 80384K, reserved 458752K
  class space    used 10983K, committed 12096K, reserved 327680K
GC Heap History (20 events):
Event: 2.481 GC heap before
{Heap before GC invocations=2 (full 0):
 garbage-first heap   total 262144K, used 58900K [0x00000000e0000000, 0x0000000100000000)
  region size 1024K, 49 young (50176K), 4 survivors (4096K)
 Metaspace       used 5176K, committed 5376K, reserved 393216K
  class space    used 671K, committed 768K, reserved 327680K
}
Event: 2.487 GC heap after
{Heap after GC invocations=3 (full 0):
 garbage-first heap   total 262144K, used 17617K [0x00000000e0000000, 0x0000000100000000)
  region size 1024K, 7 young (7168K), 7 survivors (7168K)
 Metaspace       used 5176K, committed 5376K, reserved 393216K
  class space    used 671K, committed 768K, reserved 327680K
}
Event: 4.263 GC heap before
{Heap before GC invocations=3 (full 0):
 garbage-first heap   total 262144K, used 106705K [0x00000000e0000000, 0x0000000100000000)
  region size 1024K, 95 young (97280K), 7 survivors (7168K)
 Metaspace       used 20816K, committed 21504K, reserved 393216K
  class space    used 3007K, committed 3328K, reserved 327680K
}
Event: 4.277 GC heap after
{Heap after GC invocations=4 (full 0):
 garbage-first heap   total 262144K, used 24772K [0x00000000e0000000, 0x0000000100000000)
  region size 1024K, 14 young (14336K), 14 survivors (14336K)
 Metaspace       used 20816K, committed 21504K, reserved 393216K
  class space    used 3007K, committed 3328K, reserved 327680K
}
Event: 6.019 GC heap before
{Heap before GC invocations=5 (full 0):
 garbage-first heap   total 262144K, used 117956K [0x00000000e0000000, 0x0000000100000000)
  region size 1024K, 106 young (108544K), 14 survivors (14336K)
 Metaspace       used 34705K, committed 35968K, reserved 393216K
  class space    used 5082K, committed 5696K, reserved 327680K
}
Event: 6.041 GC heap after
{Heap after GC invocations=6 (full 0):
 garbage-first heap   total 262144K, used 31546K [0x00000000e0000000, 0x0000000100000000)
  region size 1024K, 14 young (14336K), 14 survivors (14336K)
 Metaspace       used 34705K, committed 35968K, reserved 393216K
  class space    used 5082K, committed 5696K, reserved 327680K
}
Event: 6.076 GC heap before
{Heap before GC invocations=6 (full 0):
 garbage-first heap   total 262144K, used 33594K [0x00000000e0000000, 0x0000000100000000)
  region size 1024K, 17 young (17408K), 14 survivors (14336K)
 Metaspace       used 35031K, committed 36288K, reserved 393216K
  class space    used 5132K, committed 5760K, reserved 327680K
}
Event: 6.088 GC heap after
{Heap after GC invocations=7 (full 0):
 garbage-first heap   total 262144K, used 32179K [0x00000000e0000000, 0x0000000100000000)
  region size 1024K, 8 young (8192K), 8 survivors (8192K)
 Metaspace       used 35031K, committed 36288K, reserved 393216K
  class space    used 5132K, committed 5760K, reserved 327680K
}
Event: 6.109 GC heap before
{Heap before GC invocations=7 (full 0):
 garbage-first heap   total 262144K, used 33203K [0x00000000e0000000, 0x0000000100000000)
  region size 1024K, 11 young (11264K), 8 survivors (8192K)
 Metaspace       used 35398K, committed 36608K, reserved 393216K
  class space    used 5157K, committed 5760K, reserved 327680K
}
Event: 6.115 GC heap after
{Heap after GC invocations=8 (full 0):
 garbage-first heap   total 262144K, used 32614K [0x00000000e0000000, 0x0000000100000000)
  region size 1024K, 8 young (8192K), 8 survivors (8192K)
 Metaspace       used 35398K, committed 36608K, reserved 393216K
  class space    used 5157K, committed 5760K, reserved 327680K
}
Event: 8.421 GC heap before
{Heap before GC invocations=9 (full 0):
 garbage-first heap   total 262144K, used 185190K [0x00000000e0000000, 0x0000000100000000)
  region size 1024K, 153 young (156672K), 8 survivors (8192K)
 Metaspace       used 41287K, committed 42560K, reserved 393216K
  class space    used 5903K, committed 6528K, reserved 327680K
}
Event: 8.521 GC heap after
{Heap after GC invocations=10 (full 0):
 garbage-first heap   total 262144K, used 41278K [0x00000000e0000000, 0x0000000100000000)
  region size 1024K, 17 young (17408K), 17 survivors (17408K)
 Metaspace       used 41287K, committed 42560K, reserved 393216K
  class space    used 5903K, committed 6528K, reserved 327680K
}
Event: 13.028 GC heap before
{Heap before GC invocations=10 (full 0):
 garbage-first heap   total 262144K, used 181566K [0x00000000e0000000, 0x0000000100000000)
  region size 1024K, 153 young (156672K), 17 survivors (17408K)
 Metaspace       used 54426K, committed 56192K, reserved 393216K
  class space    used 7777K, committed 8640K, reserved 327680K
}
Event: 13.075 GC heap after
{Heap after GC invocations=11 (full 0):
 garbage-first heap   total 262144K, used 49636K [0x00000000e0000000, 0x0000000100000000)
  region size 1024K, 19 young (19456K), 19 survivors (19456K)
 Metaspace       used 54426K, committed 56192K, reserved 393216K
  class space    used 7777K, committed 8640K, reserved 327680K
}
Event: 15.647 GC heap before
{Heap before GC invocations=11 (full 0):
 garbage-first heap   total 262144K, used 111076K [0x00000000e0000000, 0x0000000100000000)
  region size 1024K, 80 young (81920K), 19 survivors (19456K)
 Metaspace       used 59511K, committed 61376K, reserved 393216K
  class space    used 8554K, committed 9472K, reserved 327680K
}
Event: 15.670 GC heap after
{Heap after GC invocations=12 (full 0):
 garbage-first heap   total 262144K, used 53614K [0x00000000e0000000, 0x0000000100000000)
  region size 1024K, 13 young (13312K), 13 survivors (13312K)
 Metaspace       used 59511K, committed 61376K, reserved 393216K
  class space    used 8554K, committed 9472K, reserved 327680K
}
Event: 18.947 GC heap before
{Heap before GC invocations=13 (full 0):
 garbage-first heap   total 262144K, used 196974K [0x00000000e0000000, 0x0000000100000000)
  region size 1024K, 153 young (156672K), 13 survivors (13312K)
 Metaspace       used 64247K, committed 66240K, reserved 393216K
  class space    used 9075K, committed 10048K, reserved 327680K
}
Event: 18.967 GC heap after
{Heap after GC invocations=14 (full 0):
 garbage-first heap   total 262144K, used 65799K [0x00000000e0000000, 0x0000000100000000)
  region size 1024K, 17 young (17408K), 17 survivors (17408K)
 Metaspace       used 64247K, committed 66240K, reserved 393216K
  class space    used 9075K, committed 10048K, reserved 327680K
}
Event: 21.213 GC heap before
{Heap before GC invocations=14 (full 0):
 garbage-first heap   total 262144K, used 204039K [0x00000000e0000000, 0x0000000100000000)
  region size 1024K, 153 young (156672K), 17 survivors (17408K)
 Metaspace       used 68466K, committed 70656K, reserved 393216K
  class space    used 9760K, committed 10816K, reserved 327680K
}
Event: 21.240 GC heap after
{Heap after GC invocations=15 (full 0):
 garbage-first heap   total 262144K, used 78122K [0x00000000e0000000, 0x0000000100000000)
  region size 1024K, 14 young (14336K), 14 survivors (14336K)
 Metaspace       used 68466K, committed 70656K, reserved 393216K
  class space    used 9760K, committed 10816K, reserved 327680K
}

