# JRE version: Java(TM) SE Runtime Environment (21.0.4+8) (build 21.0.4+8-LTS-274)
# Java VM: Java HotSpot(TM) 64-Bit Server VM (21.0.4+8-LTS-274, mixed mode, emulated-client, sharing, tiered, compressed oops, compressed class ptrs, g1 gc, windows-amd64)
GC Precious Log:
 CardTable entry size: 512
 Card Set container configuration: InlinePtr #cards 5 size 8 Array Of Cards #cards 12 size 40 Howl #buckets 4 coarsen threshold 1843 Howl Bitmap #cards 512 size 80 coarsen threshold 460 Card regions per heap region 1 cards per card region 2048
 CPUs: 8 total, 8 available
 Memory: 3977M
 Large Page Support: Disabled
 NUMA Support: Disabled
 Compressed Oops: Enabled (32-bit)
 Heap Region Size: 1M
 Heap Min Capacity: 8M
 Heap Initial Capacity: 64M
 Heap Max Capacity: 996M
 Pre-touch: Disabled
 Parallel Workers: 8
 Concurrent Workers: 2
 Concurrent Refinement Workers: 8
 Periodic GC: Disabled
Heap:
 garbage-first heap   total 66560K, used 26009K [0x00000000c1c00000, 0x0000000100000000)
  region size 1024K, 3 young (3072K), 3 survivors (3072K)
 Metaspace       used 46383K, committed 47616K, reserved 1114112K
  class space    used 6381K, committed 6848K, reserved 1048576K
GC Heap History (20 events):
Event: 312.863 GC heap after
{Heap after GC invocations=21 (full 3):
 garbage-first heap   total 66560K, used 25778K [0x00000000c1c00000, 0x0000000100000000)
  region size 1024K, 3 young (3072K), 3 survivors (3072K)
 Metaspace       used 46304K, committed 47616K, reserved 1114112K
  class space    used 6371K, committed 6848K, reserved 1048576K
}
Event: 315.047 GC heap before
{Heap before GC invocations=21 (full 3):
 garbage-first heap   total 66560K, used 54450K [0x00000000c1c00000, 0x0000000100000000)
  region size 1024K, 31 young (31744K), 3 survivors (3072K)
 Metaspace       used 46316K, committed 47616K, reserved 1114112K
  class space    used 6373K, committed 6848K, reserved 1048576K
}
Event: 315.081 GC heap after
{Heap after GC invocations=22 (full 3):
 garbage-first heap   total 66560K, used 27763K [0x00000000c1c00000, 0x0000000100000000)
  region size 1024K, 3 young (3072K), 3 survivors (3072K)
 Metaspace       used 46316K, committed 47616K, reserved 1114112K
  class space    used 6373K, committed 6848K, reserved 1048576K
}
Event: 316.454 GC heap before
{Heap before GC invocations=22 (full 3):
 garbage-first heap   total 66560K, used 29811K [0x00000000c1c00000, 0x0000000100000000)
  region size 1024K, 6 young (6144K), 3 survivors (3072K)
 Metaspace       used 46318K, committed 47616K, reserved 1114112K
  class space    used 6374K, committed 6848K, reserved 1048576K
}
Event: 316.718 GC heap after
{Heap after GC invocations=23 (full 4):
 garbage-first heap   total 66560K, used 22838K [0x00000000c1c00000, 0x0000000100000000)
  region size 1024K, 0 young (0K), 0 survivors (0K)
 Metaspace       used 46312K, committed 47616K, reserved 1114112K
  class space    used 6372K, committed 6848K, reserved 1048576K
}
Event: 317.215 GC heap before
{Heap before GC invocations=23 (full 4):
 garbage-first heap   total 66560K, used 55606K [0x00000000c1c00000, 0x0000000100000000)
  region size 1024K, 32 young (32768K), 0 survivors (0K)
 Metaspace       used 46324K, committed 47616K, reserved 1114112K
  class space    used 6373K, committed 6848K, reserved 1048576K
}
Event: 317.220 GC heap after
{Heap after GC invocations=24 (full 4):
 garbage-first heap   total 66560K, used 25595K [0x00000000c1c00000, 0x0000000100000000)
  region size 1024K, 3 young (3072K), 3 survivors (3072K)
 Metaspace       used 46324K, committed 47616K, reserved 1114112K
  class space    used 6373K, committed 6848K, reserved 1048576K
}
Event: 352.344 GC heap before
{Heap before GC invocations=24 (full 4):
 garbage-first heap   total 66560K, used 54267K [0x00000000c1c00000, 0x0000000100000000)
  region size 1024K, 33 young (33792K), 3 survivors (3072K)
 Metaspace       used 46338K, committed 47616K, reserved 1114112K
  class space    used 6376K, committed 6848K, reserved 1048576K
}
Event: 352.871 GC heap after
{Heap after GC invocations=25 (full 5):
 garbage-first heap   total 66560K, used 25118K [0x00000000c1c00000, 0x0000000100000000)
  region size 1024K, 0 young (0K), 0 survivors (0K)
 Metaspace       used 46338K, committed 47616K, reserved 1114112K
  class space    used 6376K, committed 6848K, reserved 1048576K
}
Event: 355.909 GC heap before
{Heap before GC invocations=25 (full 5):
 garbage-first heap   total 66560K, used 56862K [0x00000000c1c00000, 0x0000000100000000)
  region size 1024K, 31 young (31744K), 0 survivors (0K)
 Metaspace       used 46350K, committed 47616K, reserved 1114112K
  class space    used 6377K, committed 6848K, reserved 1048576K
}
Event: 355.920 GC heap after
{Heap after GC invocations=26 (full 5):
 garbage-first heap   total 66560K, used 28030K [0x00000000c1c00000, 0x0000000100000000)
  region size 1024K, 3 young (3072K), 3 survivors (3072K)
 Metaspace       used 46350K, committed 47616K, reserved 1114112K
  class space    used 6377K, committed 6848K, reserved 1048576K
}
Event: 358.584 GC heap before
{Heap before GC invocations=26 (full 5):
 garbage-first heap   total 66560K, used 57726K [0x00000000c1c00000, 0x0000000100000000)
  region size 1024K, 32 young (32768K), 3 survivors (3072K)
 Metaspace       used 46365K, committed 47616K, reserved 1114112K
  class space    used 6380K, committed 6848K, reserved 1048576K
}
Event: 358.604 GC heap after
{Heap after GC invocations=27 (full 5):
 garbage-first heap   total 66560K, used 28709K [0x00000000c1c00000, 0x0000000100000000)
  region size 1024K, 2 young (2048K), 2 survivors (2048K)
 Metaspace       used 46365K, committed 47616K, reserved 1114112K
  class space    used 6380K, committed 6848K, reserved 1048576K
}
Event: 358.898 GC heap before
{Heap before GC invocations=27 (full 5):
 garbage-first heap   total 66560K, used 29733K [0x00000000c1c00000, 0x0000000100000000)
  region size 1024K, 4 young (4096K), 2 survivors (2048K)
 Metaspace       used 46368K, committed 47616K, reserved 1114112K
  class space    used 6380K, committed 6848K, reserved 1048576K
}
Event: 359.149 GC heap after
{Heap after GC invocations=28 (full 6):
 garbage-first heap   total 66560K, used 20971K [0x00000000c1c00000, 0x0000000100000000)
  region size 1024K, 0 young (0K), 0 survivors (0K)
 Metaspace       used 46347K, committed 47616K, reserved 1114112K
  class space    used 6377K, committed 6848K, reserved 1048576K
}
Event: 360.655 GC heap before
{Heap before GC invocations=28 (full 6):
 garbage-first heap   total 66560K, used 55787K [0x00000000c1c00000, 0x0000000100000000)
  region size 1024K, 34 young (34816K), 0 survivors (0K)
 Metaspace       used 46359K, committed 47616K, reserved 1114112K
  class space    used 6378K, committed 6848K, reserved 1048576K
}
Event: 360.685 GC heap after
{Heap after GC invocations=29 (full 6):
 garbage-first heap   total 66560K, used 23885K [0x00000000c1c00000, 0x0000000100000000)
  region size 1024K, 3 young (3072K), 3 survivors (3072K)
 Metaspace       used 46359K, committed 47616K, reserved 1114112K
  class space    used 6378K, committed 6848K, reserved 1048576K
}
Event: 406.343 GC heap before
{Heap before GC invocations=29 (full 6):
 garbage-first heap   total 66560K, used 51533K [0x00000000c1c00000, 0x0000000100000000)
  region size 1024K, 31 young (31744K), 3 survivors (3072K)
 Metaspace       used 46371K, committed 47616K, reserved 1114112K
  class space    used 6380K, committed 6848K, reserved 1048576K
}
Event: 406.857 GC heap after
{Heap after GC invocations=30 (full 7):
 garbage-first heap   total 66560K, used 23240K [0x00000000c1c00000, 0x0000000100000000)
  region size 1024K, 0 young (0K), 0 survivors (0K)
 Metaspace       used 46371K, committed 47616K, reserved 1114112K
  class space    used 6380K, committed 6848K, reserved 1048576K
}
Event: 410.476 GC heap before
{Heap before GC invocations=30 (full 7):
 garbage-first heap   total 66560K, used 57032K [0x00000000c1c00000, 0x0000000100000000)
  region size 1024K, 33 young (33792K), 0 survivors (0K)
 Metaspace       used 46383K, committed 47616K, reserved 1114112K
  class space    used 6381K, committed 6848K, reserved 1048576K
}

