# JRE version: Java(TM) SE Runtime Environment (21.0.4+8) (build 21.0.4+8-LTS-274)
# Java VM: Java HotSpot(TM) 64-Bit Server VM (21.0.4+8-LTS-274, mixed mode, sharing, tiered, compressed oops, compressed class ptrs, g1 gc, windows-amd64)
GC Precious Log:
 CardTable entry size: 512
 Card Set container configuration: InlinePtr #cards 5 size 8 Array Of Cards #cards 12 size 40 Howl #buckets 4 coarsen threshold 1843 Howl Bitmap #cards 512 size 80 coarsen threshold 460 Card regions per heap region 1 cards per card region 2048
 CPUs: 8 total, 8 available
 Memory: 3977M
 Large Page Support: Disabled
 NUMA Support: Disabled
 Compressed Oops: Enabled (32-bit)
 Heap Region Size: 1M
 Heap Min Capacity: 256M
 Heap Initial Capacity: 256M
 Heap Max Capacity: 512M
 Pre-touch: Disabled
 Parallel Workers: 8
 Concurrent Workers: 2
 Concurrent Refinement Workers: 8
 Periodic GC: Disabled
Heap:
 garbage-first heap   total 367616K, used 100863K [0x00000000e0000000, 0x0000000100000000)
  region size 1024K, 14 young (14336K), 2 survivors (2048K)
 Metaspace       used 61360K, committed 65792K, reserved 393216K
  class space    used 8329K, committed 9984K, reserved 327680K
GC Heap History (20 events):
Event: 567.660 GC heap before
{Heap before GC invocations=15 (full 0):
 garbage-first heap   total 262144K, used 220365K [0x00000000e0000000, 0x0000000100000000)
  region size 1024K, 153 young (156672K), 3 survivors (3072K)
 Metaspace       used 63091K, committed 65344K, reserved 393216K
  class space    used 8859K, committed 9984K, reserved 327680K
}
Event: 567.852 GC heap after
{Heap after GC invocations=16 (full 0):
 garbage-first heap   total 262144K, used 66058K [0x00000000e0000000, 0x0000000100000000)
  region size 1024K, 1 young (1024K), 1 survivors (1024K)
 Metaspace       used 63091K, committed 65344K, reserved 393216K
  class space    used 8859K, committed 9984K, reserved 327680K
}
Event: 653.625 GC heap before
{Heap before GC invocations=16 (full 0):
 garbage-first heap   total 262144K, used 99850K [0x00000000e0000000, 0x0000000100000000)
  region size 1024K, 35 young (35840K), 1 survivors (1024K)
 Metaspace       used 63246K, committed 65408K, reserved 393216K
  class space    used 8860K, committed 9984K, reserved 327680K
}
Event: 653.687 GC heap after
{Heap after GC invocations=17 (full 0):
 garbage-first heap   total 262144K, used 70154K [0x00000000e0000000, 0x0000000100000000)
  region size 1024K, 5 young (5120K), 5 survivors (5120K)
 Metaspace       used 63246K, committed 65408K, reserved 393216K
  class space    used 8860K, committed 9984K, reserved 327680K
}
Event: 653.939 GC heap before
{Heap before GC invocations=17 (full 0):
 garbage-first heap   total 262144K, used 79370K [0x00000000e0000000, 0x0000000100000000)
  region size 1024K, 14 young (14336K), 5 survivors (5120K)
 Metaspace       used 63247K, committed 65408K, reserved 393216K
  class space    used 8860K, committed 9984K, reserved 327680K
}
Event: 653.952 GC heap after
{Heap after GC invocations=18 (full 0):
 garbage-first heap   total 262144K, used 70572K [0x00000000e0000000, 0x0000000100000000)
  region size 1024K, 2 young (2048K), 2 survivors (2048K)
 Metaspace       used 63247K, committed 65408K, reserved 393216K
  class space    used 8860K, committed 9984K, reserved 327680K
}
Event: 655.185 GC heap before
{Heap before GC invocations=18 (full 0):
 garbage-first heap   total 262144K, used 142252K [0x00000000e0000000, 0x0000000100000000)
  region size 1024K, 73 young (74752K), 2 survivors (2048K)
 Metaspace       used 63356K, committed 65536K, reserved 393216K
  class space    used 8863K, committed 9984K, reserved 327680K
}
Event: 655.218 GC heap after
{Heap after GC invocations=19 (full 0):
 garbage-first heap   total 262144K, used 78433K [0x00000000e0000000, 0x0000000100000000)
  region size 1024K, 10 young (10240K), 10 survivors (10240K)
 Metaspace       used 63356K, committed 65536K, reserved 393216K
  class space    used 8863K, committed 9984K, reserved 327680K
}
Event: 655.232 GC heap before
{Heap before GC invocations=19 (full 0):
 garbage-first heap   total 262144K, used 80481K [0x00000000e0000000, 0x0000000100000000)
  region size 1024K, 12 young (12288K), 10 survivors (10240K)
 Metaspace       used 63361K, committed 65536K, reserved 393216K
  class space    used 8863K, committed 9984K, reserved 327680K
}
Event: 655.242 GC heap after
{Heap after GC invocations=20 (full 0):
 garbage-first heap   total 262144K, used 78012K [0x00000000e0000000, 0x0000000100000000)
  region size 1024K, 2 young (2048K), 2 survivors (2048K)
 Metaspace       used 63361K, committed 65536K, reserved 393216K
  class space    used 8863K, committed 9984K, reserved 327680K
}
Event: 687.728 GC heap before
{Heap before GC invocations=20 (full 0):
 garbage-first heap   total 262144K, used 153788K [0x00000000e0000000, 0x0000000100000000)
  region size 1024K, 77 young (78848K), 2 survivors (2048K)
 Metaspace       used 63603K, committed 65792K, reserved 393216K
  class space    used 8863K, committed 9984K, reserved 327680K
}
Event: 688.102 GC heap after
{Heap after GC invocations=21 (full 0):
 garbage-first heap   total 262144K, used 84171K [0x00000000e0000000, 0x0000000100000000)
  region size 1024K, 8 young (8192K), 8 survivors (8192K)
 Metaspace       used 63603K, committed 65792K, reserved 393216K
  class space    used 8863K, committed 9984K, reserved 327680K
}
Event: 688.282 GC heap before
{Heap before GC invocations=21 (full 0):
 garbage-first heap   total 262144K, used 88267K [0x00000000e0000000, 0x0000000100000000)
  region size 1024K, 12 young (12288K), 8 survivors (8192K)
 Metaspace       used 63603K, committed 65792K, reserved 393216K
  class space    used 8863K, committed 9984K, reserved 327680K
}
Event: 688.317 GC heap after
{Heap after GC invocations=22 (full 0):
 garbage-first heap   total 262144K, used 85661K [0x00000000e0000000, 0x0000000100000000)
  region size 1024K, 2 young (2048K), 2 survivors (2048K)
 Metaspace       used 63603K, committed 65792K, reserved 393216K
  class space    used 8863K, committed 9984K, reserved 327680K
}
Event: 688.698 GC heap before
{Heap before GC invocations=22 (full 0):
 garbage-first heap   total 262144K, used 109213K [0x00000000e0000000, 0x0000000100000000)
  region size 1024K, 25 young (25600K), 2 survivors (2048K)
 Metaspace       used 63610K, committed 65792K, reserved 393216K
  class space    used 8864K, committed 9984K, reserved 327680K
}
Event: 688.704 GC heap after
{Heap after GC invocations=23 (full 0):
 garbage-first heap   total 262144K, used 87560K [0x00000000e0000000, 0x0000000100000000)
  region size 1024K, 4 young (4096K), 4 survivors (4096K)
 Metaspace       used 63610K, committed 65792K, reserved 393216K
  class space    used 8864K, committed 9984K, reserved 327680K
}
Event: 689.439 GC heap before
{Heap before GC invocations=23 (full 0):
 garbage-first heap   total 262144K, used 105992K [0x00000000e0000000, 0x0000000100000000)
  region size 1024K, 24 young (24576K), 4 survivors (4096K)
 Metaspace       used 61338K, committed 65792K, reserved 393216K
  class space    used 8328K, committed 9984K, reserved 327680K
}
Event: 689.458 GC heap after
{Heap after GC invocations=24 (full 0):
 garbage-first heap   total 262144K, used 87578K [0x00000000e0000000, 0x0000000100000000)
  region size 1024K, 3 young (3072K), 3 survivors (3072K)
 Metaspace       used 61338K, committed 65792K, reserved 393216K
  class space    used 8328K, committed 9984K, reserved 327680K
}
Event: 689.547 GC heap before
{Heap before GC invocations=24 (full 0):
 garbage-first heap   total 262144K, used 96794K [0x00000000e0000000, 0x0000000100000000)
  region size 1024K, 12 young (12288K), 3 survivors (3072K)
 Metaspace       used 61338K, committed 65792K, reserved 393216K
  class space    used 8328K, committed 9984K, reserved 327680K
}
Event: 689.570 GC heap after
{Heap after GC invocations=25 (full 0):
 garbage-first heap   total 367616K, used 89599K [0x00000000e0000000, 0x0000000100000000)
  region size 1024K, 2 young (2048K), 2 survivors (2048K)
 Metaspace       used 61338K, committed 65792K, reserved 393216K
  class space    used 8328K, committed 9984K, reserved 327680K
}

